[ 2015-12-28T09:24:36+08:00 ] ::1 /ThinkAdmin/__STATIC__/css/bootstrap.css
ERR: 无法加载控制器:__STATIC__

[ 2015-12-28T09:24:36+08:00 ] ::1 /ThinkAdmin/__STATIC__/css/sb-admin.css
ERR: 无法加载控制器:__STATIC__

[ 2015-12-28T09:24:36+08:00 ] ::1 /ThinkAdmin/__STATIC__/font-awesome/css/font-awesome.min.css
ERR: 无法加载控制器:__STATIC__

[ 2015-12-28T09:24:47+08:00 ] ::1 /ThinkAdmin/__STATIC__/css/bootstrap.css
ERR: 无法加载控制器:__STATIC__

[ 2015-12-28T09:24:47+08:00 ] ::1 /ThinkAdmin/__STATIC__/css/sb-admin.css
ERR: 无法加载控制器:__STATIC__

[ 2015-12-28T09:24:47+08:00 ] ::1 /ThinkAdmin/__STATIC__/font-awesome/css/font-awesome.min.css
ERR: 无法加载控制器:__STATIC__

[ 2015-12-28T09:25:47+08:00 ] ::1 /ThinkAdmin/__STATIC__/css/bootstrap.css
ERR: 无法加载控制器:__STATIC__

[ 2015-12-28T09:25:47+08:00 ] ::1 /ThinkAdmin/__STATIC__/css/sb-admin.css
ERR: 无法加载控制器:__STATIC__

[ 2015-12-28T09:25:47+08:00 ] ::1 /ThinkAdmin/__STATIC__/font-awesome/css/font-awesome.min.css
ERR: 无法加载控制器:__STATIC__

[ 2015-12-28T09:25:49+08:00 ] ::1 /ThinkAdmin/__STATIC__/css/bootstrap.css
ERR: 无法加载控制器:__STATIC__

[ 2015-12-28T09:25:49+08:00 ] ::1 /ThinkAdmin/__STATIC__/css/sb-admin.css
ERR: 无法加载控制器:__STATIC__

[ 2015-12-28T09:25:49+08:00 ] ::1 /ThinkAdmin/__STATIC__/font-awesome/css/font-awesome.min.css
ERR: 无法加载控制器:__STATIC__

[ 2015-12-28T09:26:18+08:00 ] ::1 /ThinkAdmin/__STATIC__/css/bootstrap.css
ERR: 无法加载控制器:__STATIC__

[ 2015-12-28T09:26:18+08:00 ] ::1 /ThinkAdmin/__STATIC__/font-awesome/css/font-awesome.min.css
ERR: 无法加载控制器:__STATIC__

[ 2015-12-28T09:26:18+08:00 ] ::1 /ThinkAdmin/__STATIC__/css/sb-admin.css
ERR: 无法加载控制器:__STATIC__

[ 2015-12-28T09:26:23+08:00 ] ::1 /ThinkAdmin/__STATIC__/css/bootstrap.css
ERR: 无法加载控制器:__STATIC__

[ 2015-12-28T09:26:23+08:00 ] ::1 /ThinkAdmin/__STATIC__/css/sb-admin.css
ERR: 无法加载控制器:__STATIC__

[ 2015-12-28T09:26:23+08:00 ] ::1 /ThinkAdmin/__STATIC__/font-awesome/css/font-awesome.min.css
ERR: 无法加载控制器:__STATIC__

[ 2015-12-28T09:26:25+08:00 ] ::1 /ThinkAdmin/__STATIC__/css/bootstrap.css
ERR: 无法加载控制器:__STATIC__

[ 2015-12-28T09:26:25+08:00 ] ::1 /ThinkAdmin/__STATIC__/css/sb-admin.css
ERR: 无法加载控制器:__STATIC__

[ 2015-12-28T09:26:25+08:00 ] ::1 /ThinkAdmin/__STATIC__/font-awesome/css/font-awesome.min.css
ERR: 无法加载控制器:__STATIC__

[ 2015-12-28T09:26:27+08:00 ] ::1 /ThinkAdmin/__STATIC__/css/bootstrap.css
ERR: 无法加载控制器:__STATIC__

[ 2015-12-28T09:26:27+08:00 ] ::1 /ThinkAdmin/__STATIC__/css/sb-admin.css
ERR: 无法加载控制器:__STATIC__

[ 2015-12-28T09:26:27+08:00 ] ::1 /ThinkAdmin/__STATIC__/font-awesome/css/font-awesome.min.css
ERR: 无法加载控制器:__STATIC__

[ 2015-12-28T09:26:44+08:00 ] ::1 /ThinkAdmin/__STATIC__/css/bootstrap.css
ERR: 无法加载控制器:__STATIC__

[ 2015-12-28T09:26:44+08:00 ] ::1 /ThinkAdmin/__STATIC__/font-awesome/css/font-awesome.min.css
ERR: 无法加载控制器:__STATIC__

[ 2015-12-28T09:26:44+08:00 ] ::1 /ThinkAdmin/__STATIC__/css/sb-admin.css
ERR: 无法加载控制器:__STATIC__

[ 2015-12-28T09:26:45+08:00 ] ::1 /ThinkAdmin/__STATIC__/css/bootstrap.css
ERR: 无法加载控制器:__STATIC__

[ 2015-12-28T09:26:45+08:00 ] ::1 /ThinkAdmin/__STATIC__/css/sb-admin.css
ERR: 无法加载控制器:__STATIC__

[ 2015-12-28T09:26:45+08:00 ] ::1 /ThinkAdmin/__STATIC__/font-awesome/css/font-awesome.min.css
ERR: 无法加载控制器:__STATIC__

[ 2015-12-28T09:26:47+08:00 ] ::1 /ThinkAdmin/__STATIC__/css/bootstrap.css
ERR: 无法加载控制器:__STATIC__

[ 2015-12-28T09:26:47+08:00 ] ::1 /ThinkAdmin/__STATIC__/css/sb-admin.css
ERR: 无法加载控制器:__STATIC__

[ 2015-12-28T09:26:47+08:00 ] ::1 /ThinkAdmin/__STATIC__/font-awesome/css/font-awesome.min.css
ERR: 无法加载控制器:__STATIC__

[ 2015-12-28T09:27:10+08:00 ] ::1 /ThinkAdmin/__STATIC__/css/bootstrap.css
ERR: 无法加载控制器:__STATIC__

[ 2015-12-28T09:27:10+08:00 ] ::1 /ThinkAdmin/__STATIC__/css/sb-admin.css
ERR: 无法加载控制器:__STATIC__

[ 2015-12-28T09:27:10+08:00 ] ::1 /ThinkAdmin/__STATIC__/font-awesome/css/font-awesome.min.css
ERR: 无法加载控制器:__STATIC__

[ 2015-12-28T09:27:14+08:00 ] ::1 /ThinkAdmin/__STATIC__/css/bootstrap.css
ERR: 无法加载控制器:__STATIC__

[ 2015-12-28T09:27:14+08:00 ] ::1 /ThinkAdmin/__STATIC__/css/sb-admin.css
ERR: 无法加载控制器:__STATIC__

[ 2015-12-28T09:27:14+08:00 ] ::1 /ThinkAdmin/__STATIC__/font-awesome/css/font-awesome.min.css
ERR: 无法加载控制器:__STATIC__

[ 2015-12-28T09:27:17+08:00 ] ::1 /ThinkAdmin/__STATIC__/css/bootstrap.css
ERR: 无法加载控制器:__STATIC__

[ 2015-12-28T09:27:17+08:00 ] ::1 /ThinkAdmin/__STATIC__/css/sb-admin.css
ERR: 无法加载控制器:__STATIC__

[ 2015-12-28T09:27:17+08:00 ] ::1 /ThinkAdmin/__STATIC__/font-awesome/css/font-awesome.min.css
ERR: 无法加载控制器:__STATIC__

[ 2015-12-28T09:27:19+08:00 ] ::1 /ThinkAdmin/__STATIC__/css/sb-admin.css
ERR: 无法加载控制器:__STATIC__

[ 2015-12-28T09:27:19+08:00 ] ::1 /ThinkAdmin/__STATIC__/font-awesome/css/font-awesome.min.css
ERR: 无法加载控制器:__STATIC__

[ 2015-12-28T09:27:19+08:00 ] ::1 /ThinkAdmin/__STATIC__/css/bootstrap.css
ERR: 无法加载控制器:__STATIC__

[ 2015-12-28T09:34:26+08:00 ] ::1 /ThinkAdmin/__STATIC__/css/bootstrap.css
ERR: 无法加载控制器:__STATIC__

[ 2015-12-28T09:34:26+08:00 ] ::1 /ThinkAdmin/__STATIC__/css/sb-admin.css
ERR: 无法加载控制器:__STATIC__

[ 2015-12-28T09:34:26+08:00 ] ::1 /ThinkAdmin/__STATIC__/font-awesome/css/font-awesome.min.css
ERR: 无法加载控制器:__STATIC__

[ 2015-12-28T09:35:54+08:00 ] ::1 /ThinkAdmin/__STATIC__/css/bootstrap.css
ERR: 无法加载控制器:__STATIC__

[ 2015-12-28T09:35:54+08:00 ] ::1 /ThinkAdmin/__STATIC__/css/sb-admin.css
ERR: 无法加载控制器:__STATIC__

[ 2015-12-28T09:35:54+08:00 ] ::1 /ThinkAdmin/__STATIC__/font-awesome/css/font-awesome.min.css
ERR: 无法加载控制器:__STATIC__

[ 2015-12-28T09:36:19+08:00 ] ::1 /ThinkAdmin/__STATIC__/css/bootstrap.css
ERR: 无法加载控制器:__STATIC__

[ 2015-12-28T09:36:19+08:00 ] ::1 /ThinkAdmin/__STATIC__/css/sb-admin.css
ERR: 无法加载控制器:__STATIC__

[ 2015-12-28T09:36:19+08:00 ] ::1 /ThinkAdmin/__STATIC__/font-awesome/css/font-awesome.min.css
ERR: 无法加载控制器:__STATIC__

[ 2015-12-28T09:37:29+08:00 ] ::1 /ThinkAdmin/__STATIC__/css/bootstrap.css
ERR: 无法加载控制器:__STATIC__

[ 2015-12-28T09:37:29+08:00 ] ::1 /ThinkAdmin/__STATIC__/css/sb-admin.css
ERR: 无法加载控制器:__STATIC__

[ 2015-12-28T09:37:29+08:00 ] ::1 /ThinkAdmin/__STATIC__/font-awesome/css/font-awesome.min.css
ERR: 无法加载控制器:__STATIC__

[ 2015-12-28T09:37:42+08:00 ] ::1 /ThinkAdmin/__STATIC__/css/bootstrap.css
ERR: 无法加载控制器:__STATIC__

[ 2015-12-28T09:37:42+08:00 ] ::1 /ThinkAdmin/__STATIC__/css/sb-admin.css
ERR: 无法加载控制器:__STATIC__

[ 2015-12-28T09:37:42+08:00 ] ::1 /ThinkAdmin/__STATIC__/font-awesome/css/font-awesome.min.css
ERR: 无法加载控制器:__STATIC__

[ 2015-12-28T09:38:23+08:00 ] ::1 /ThinkAdmin/__STATIC__/css/bootstrap.css
ERR: 无法加载控制器:__STATIC__

[ 2015-12-28T09:38:23+08:00 ] ::1 /ThinkAdmin/__STATIC__/font-awesome/css/font-awesome.min.css
ERR: 无法加载控制器:__STATIC__

[ 2015-12-28T09:38:23+08:00 ] ::1 /ThinkAdmin/__STATIC__/css/sb-admin.css
ERR: 无法加载控制器:__STATIC__

[ 2015-12-28T09:38:26+08:00 ] ::1 /ThinkAdmin/__STATIC__/css/bootstrap.css
ERR: 无法加载控制器:__STATIC__

[ 2015-12-28T09:38:26+08:00 ] ::1 /ThinkAdmin/__STATIC__/css/sb-admin.css
ERR: 无法加载控制器:__STATIC__

[ 2015-12-28T09:38:26+08:00 ] ::1 /ThinkAdmin/__STATIC__/font-awesome/css/font-awesome.min.css
ERR: 无法加载控制器:__STATIC__

[ 2015-12-28T09:38:36+08:00 ] ::1 /ThinkAdmin/__STATIC__/css/bootstrap.css
ERR: 无法加载控制器:__STATIC__

[ 2015-12-28T09:38:36+08:00 ] ::1 /ThinkAdmin/__STATIC__/css/sb-admin.css
ERR: 无法加载控制器:__STATIC__

[ 2015-12-28T09:38:37+08:00 ] ::1 /ThinkAdmin/__STATIC__/font-awesome/css/font-awesome.min.css
ERR: 无法加载控制器:__STATIC__

[ 2015-12-28T09:38:41+08:00 ] ::1 /ThinkAdmin/__STATIC__/css/bootstrap.css
ERR: 无法加载控制器:__STATIC__

[ 2015-12-28T09:38:41+08:00 ] ::1 /ThinkAdmin/__STATIC__/css/sb-admin.css
ERR: 无法加载控制器:__STATIC__

[ 2015-12-28T09:38:41+08:00 ] ::1 /ThinkAdmin/__STATIC__/font-awesome/css/font-awesome.min.css
ERR: 无法加载控制器:__STATIC__

[ 2015-12-28T09:38:50+08:00 ] ::1 /ThinkAdmin/__STATIC__/css/bootstrap.css
ERR: 无法加载控制器:__STATIC__

[ 2015-12-28T09:38:50+08:00 ] ::1 /ThinkAdmin/__STATIC__/css/sb-admin.css
ERR: 无法加载控制器:__STATIC__

[ 2015-12-28T09:38:50+08:00 ] ::1 /ThinkAdmin/__STATIC__/font-awesome/css/font-awesome.min.css
ERR: 无法加载控制器:__STATIC__

[ 2015-12-28T09:38:53+08:00 ] ::1 /ThinkAdmin/__STATIC__/css/sb-admin.css
ERR: 无法加载控制器:__STATIC__

[ 2015-12-28T09:38:53+08:00 ] ::1 /ThinkAdmin/__STATIC__/css/bootstrap.css
ERR: 无法加载控制器:__STATIC__

[ 2015-12-28T09:38:53+08:00 ] ::1 /ThinkAdmin/__STATIC__/font-awesome/css/font-awesome.min.css
ERR: 无法加载控制器:__STATIC__

[ 2015-12-28T09:38:58+08:00 ] ::1 /ThinkAdmin/__STATIC__/css/bootstrap.css
ERR: 无法加载控制器:__STATIC__

[ 2015-12-28T09:38:58+08:00 ] ::1 /ThinkAdmin/__STATIC__/css/sb-admin.css
ERR: 无法加载控制器:__STATIC__

[ 2015-12-28T09:38:58+08:00 ] ::1 /ThinkAdmin/__STATIC__/font-awesome/css/font-awesome.min.css
ERR: 无法加载控制器:__STATIC__

[ 2015-12-28T09:41:14+08:00 ] ::1 /ThinkAdmin/__STATIC__/css/bootstrap.css
ERR: 无法加载控制器:__STATIC__

[ 2015-12-28T09:41:14+08:00 ] ::1 /ThinkAdmin/__STATIC__/css/sb-admin.css
ERR: 无法加载控制器:__STATIC__

[ 2015-12-28T09:41:14+08:00 ] ::1 /ThinkAdmin/__STATIC__/font-awesome/css/font-awesome.min.css
ERR: 无法加载控制器:__STATIC__

[ 2015-12-28T09:41:38+08:00 ] ::1 /ThinkAdmin/__STATIC__/css/bootstrap.css
ERR: 无法加载控制器:__STATIC__

[ 2015-12-28T09:41:38+08:00 ] ::1 /ThinkAdmin/__STATIC__/css/sb-admin.css
ERR: 无法加载控制器:__STATIC__

[ 2015-12-28T09:41:38+08:00 ] ::1 /ThinkAdmin/__STATIC__/font-awesome/css/font-awesome.min.css
ERR: 无法加载控制器:__STATIC__

[ 2015-12-28T09:41:48+08:00 ] ::1 /ThinkAdmin/__STATIC__/css/bootstrap.css
ERR: 无法加载控制器:__STATIC__

[ 2015-12-28T09:41:48+08:00 ] ::1 /ThinkAdmin/__STATIC__/css/sb-admin.css
ERR: 无法加载控制器:__STATIC__

[ 2015-12-28T09:41:48+08:00 ] ::1 /ThinkAdmin/__STATIC__/font-awesome/css/font-awesome.min.css
ERR: 无法加载控制器:__STATIC__

[ 2015-12-28T09:42:27+08:00 ] ::1 /ThinkAdmin/__STATIC__/css/bootstrap.css
ERR: 无法加载控制器:__STATIC__

[ 2015-12-28T09:42:27+08:00 ] ::1 /ThinkAdmin/__STATIC__/css/sb-admin.css
ERR: 无法加载控制器:__STATIC__

[ 2015-12-28T09:42:27+08:00 ] ::1 /ThinkAdmin/__STATIC__/font-awesome/css/font-awesome.min.css
ERR: 无法加载控制器:__STATIC__

[ 2015-12-28T09:44:21+08:00 ] ::1 /ThinkAdmin/__STATIC__/css/bootstrap.css
ERR: 无法加载控制器:__STATIC__

[ 2015-12-28T09:44:21+08:00 ] ::1 /ThinkAdmin/__STATIC__/font-awesome/css/font-awesome.min.css
ERR: 无法加载控制器:__STATIC__

[ 2015-12-28T09:44:21+08:00 ] ::1 /ThinkAdmin/__STATIC__/css/sb-admin.css
ERR: 无法加载控制器:__STATIC__

[ 2015-12-28T09:44:40+08:00 ] ::1 /ThinkAdmin/__STATIC__/css/bootstrap.css
ERR: 无法加载控制器:__STATIC__

[ 2015-12-28T09:44:40+08:00 ] ::1 /ThinkAdmin/__STATIC__/css/sb-admin.css
ERR: 无法加载控制器:__STATIC__

[ 2015-12-28T09:44:40+08:00 ] ::1 /ThinkAdmin/__STATIC__/font-awesome/css/font-awesome.min.css
ERR: 无法加载控制器:__STATIC__

[ 2015-12-28T09:44:44+08:00 ] ::1 /ThinkAdmin/__STATIC__/css/bootstrap.css
ERR: 无法加载控制器:__STATIC__

[ 2015-12-28T09:44:44+08:00 ] ::1 /ThinkAdmin/__STATIC__/css/sb-admin.css
ERR: 无法加载控制器:__STATIC__

[ 2015-12-28T09:44:44+08:00 ] ::1 /ThinkAdmin/__STATIC__/font-awesome/css/font-awesome.min.css
ERR: 无法加载控制器:__STATIC__

[ 2015-12-28T09:45:10+08:00 ] ::1 /ThinkAdmin/__STATIC__/css/bootstrap.css
ERR: 无法加载控制器:__STATIC__

[ 2015-12-28T09:45:10+08:00 ] ::1 /ThinkAdmin/__STATIC__/font-awesome/css/font-awesome.min.css
ERR: 无法加载控制器:__STATIC__

[ 2015-12-28T09:45:10+08:00 ] ::1 /ThinkAdmin/__STATIC__/css/sb-admin.css
ERR: 无法加载控制器:__STATIC__

[ 2015-12-28T09:45:12+08:00 ] ::1 /ThinkAdmin/__STATIC__/css/bootstrap.css
ERR: 无法加载控制器:__STATIC__

[ 2015-12-28T09:45:12+08:00 ] ::1 /ThinkAdmin/__STATIC__/css/sb-admin.css
ERR: 无法加载控制器:__STATIC__

[ 2015-12-28T09:45:12+08:00 ] ::1 /ThinkAdmin/__STATIC__/font-awesome/css/font-awesome.min.css
ERR: 无法加载控制器:__STATIC__

[ 2015-12-28T09:45:24+08:00 ] ::1 /ThinkAdmin/__STATIC__/css/bootstrap.css
ERR: 无法加载控制器:__STATIC__

[ 2015-12-28T09:45:24+08:00 ] ::1 /ThinkAdmin/__STATIC__/css/sb-admin.css
ERR: 无法加载控制器:__STATIC__

[ 2015-12-28T09:45:24+08:00 ] ::1 /ThinkAdmin/__STATIC__/font-awesome/css/font-awesome.min.css
ERR: 无法加载控制器:__STATIC__

[ 2015-12-28T09:49:14+08:00 ] ::1 /ThinkAdmin/__STATIC__/css/bootstrap.css
ERR: 无法加载控制器:__STATIC__

[ 2015-12-28T09:49:14+08:00 ] ::1 /ThinkAdmin/__STATIC__/font-awesome/css/font-awesome.min.css
ERR: 无法加载控制器:__STATIC__

[ 2015-12-28T09:49:14+08:00 ] ::1 /ThinkAdmin/__STATIC__/css/sb-admin.css
ERR: 无法加载控制器:__STATIC__

[ 2015-12-28T09:49:34+08:00 ] ::1 /ThinkAdmin/__STATIC__/css/bootstrap.css
ERR: 无法加载控制器:__STATIC__

[ 2015-12-28T09:49:34+08:00 ] ::1 /ThinkAdmin/__STATIC__/css/sb-admin.css
ERR: 无法加载控制器:__STATIC__

[ 2015-12-28T09:49:34+08:00 ] ::1 /ThinkAdmin/__STATIC__/font-awesome/css/font-awesome.min.css
ERR: 无法加载控制器:__STATIC__

[ 2015-12-28T09:50:49+08:00 ] ::1 /ThinkAdmin/__STATIC__/css/bootstrap.css
ERR: 无法加载控制器:__STATIC__

[ 2015-12-28T09:50:49+08:00 ] ::1 /ThinkAdmin/__STATIC__/css/sb-admin.css
ERR: 无法加载控制器:__STATIC__

[ 2015-12-28T09:50:49+08:00 ] ::1 /ThinkAdmin/__STATIC__/font-awesome/css/font-awesome.min.css
ERR: 无法加载控制器:__STATIC__

[ 2015-12-28T09:50:54+08:00 ] ::1 /ThinkAdmin/__STATIC__/css/bootstrap.css
ERR: 无法加载控制器:__STATIC__

[ 2015-12-28T09:50:55+08:00 ] ::1 /ThinkAdmin/__STATIC__/css/sb-admin.css
ERR: 无法加载控制器:__STATIC__

[ 2015-12-28T09:50:55+08:00 ] ::1 /ThinkAdmin/__STATIC__/font-awesome/css/font-awesome.min.css
ERR: 无法加载控制器:__STATIC__

[ 2015-12-28T09:50:59+08:00 ] ::1 /ThinkAdmin/__STATIC__/css/bootstrap.css
ERR: 无法加载控制器:__STATIC__

[ 2015-12-28T09:50:59+08:00 ] ::1 /ThinkAdmin/__STATIC__/font-awesome/css/font-awesome.min.css
ERR: 无法加载控制器:__STATIC__

[ 2015-12-28T09:50:59+08:00 ] ::1 /ThinkAdmin/__STATIC__/css/sb-admin.css
ERR: 无法加载控制器:__STATIC__

[ 2015-12-28T09:51:18+08:00 ] ::1 /ThinkAdmin/__STATIC__/css/bootstrap.css
ERR: 无法加载控制器:__STATIC__

[ 2015-12-28T09:51:18+08:00 ] ::1 /ThinkAdmin/__STATIC__/css/sb-admin.css
ERR: 无法加载控制器:__STATIC__

[ 2015-12-28T09:51:18+08:00 ] ::1 /ThinkAdmin/__STATIC__/font-awesome/css/font-awesome.min.css
ERR: 无法加载控制器:__STATIC__

[ 2015-12-28T09:51:20+08:00 ] ::1 /ThinkAdmin/__STATIC__/css/bootstrap.css
ERR: 无法加载控制器:__STATIC__

[ 2015-12-28T09:51:20+08:00 ] ::1 /ThinkAdmin/__STATIC__/css/sb-admin.css
ERR: 无法加载控制器:__STATIC__

[ 2015-12-28T09:51:20+08:00 ] ::1 /ThinkAdmin/__STATIC__/font-awesome/css/font-awesome.min.css
ERR: 无法加载控制器:__STATIC__

[ 2015-12-28T09:51:22+08:00 ] ::1 /ThinkAdmin/__STATIC__/css/sb-admin.css
ERR: 无法加载控制器:__STATIC__

[ 2015-12-28T09:51:22+08:00 ] ::1 /ThinkAdmin/__STATIC__/font-awesome/css/font-awesome.min.css
ERR: 无法加载控制器:__STATIC__

[ 2015-12-28T09:51:22+08:00 ] ::1 /ThinkAdmin/__STATIC__/css/bootstrap.css
ERR: 无法加载控制器:__STATIC__

[ 2015-12-28T09:55:18+08:00 ] ::1 /ThinkAdmin/__STATIC__/css/bootstrap.css
ERR: 无法加载控制器:__STATIC__

[ 2015-12-28T09:55:18+08:00 ] ::1 /ThinkAdmin/__STATIC__/css/sb-admin.css
ERR: 无法加载控制器:__STATIC__

[ 2015-12-28T09:55:18+08:00 ] ::1 /ThinkAdmin/__STATIC__/font-awesome/css/font-awesome.min.css
ERR: 无法加载控制器:__STATIC__

[ 2015-12-28T09:55:22+08:00 ] ::1 /ThinkAdmin/__STATIC__/css/bootstrap.css
ERR: 无法加载控制器:__STATIC__

[ 2015-12-28T09:55:22+08:00 ] ::1 /ThinkAdmin/__STATIC__/font-awesome/css/font-awesome.min.css
ERR: 无法加载控制器:__STATIC__

[ 2015-12-28T09:55:22+08:00 ] ::1 /ThinkAdmin/__STATIC__/css/sb-admin.css
ERR: 无法加载控制器:__STATIC__

[ 2015-12-28T09:57:48+08:00 ] ::1 /ThinkAdmin/__STATIC__/css/bootstrap.css
ERR: 无法加载控制器:__STATIC__

[ 2015-12-28T09:57:48+08:00 ] ::1 /ThinkAdmin/__STATIC__/css/sb-admin.css
ERR: 无法加载控制器:__STATIC__

[ 2015-12-28T09:57:48+08:00 ] ::1 /ThinkAdmin/__STATIC__/font-awesome/css/font-awesome.min.css
ERR: 无法加载控制器:__STATIC__

[ 2015-12-28T09:58:44+08:00 ] ::1 /ThinkAdmin/__STATIC__/css/bootstrap.css
ERR: 无法加载控制器:__STATIC__

[ 2015-12-28T09:58:44+08:00 ] ::1 /ThinkAdmin/__STATIC__/css/sb-admin.css
ERR: 无法加载控制器:__STATIC__

[ 2015-12-28T09:58:44+08:00 ] ::1 /ThinkAdmin/__STATIC__/font-awesome/css/font-awesome.min.css
ERR: 无法加载控制器:__STATIC__

[ 2015-12-28T09:58:46+08:00 ] ::1 /ThinkAdmin/__STATIC__/css/bootstrap.css
ERR: 无法加载控制器:__STATIC__

[ 2015-12-28T09:58:46+08:00 ] ::1 /ThinkAdmin/__STATIC__/css/sb-admin.css
ERR: 无法加载控制器:__STATIC__

[ 2015-12-28T09:58:46+08:00 ] ::1 /ThinkAdmin/__STATIC__/font-awesome/css/font-awesome.min.css
ERR: 无法加载控制器:__STATIC__

[ 2015-12-28T09:58:47+08:00 ] ::1 /ThinkAdmin/__STATIC__/css/bootstrap.css
ERR: 无法加载控制器:__STATIC__

[ 2015-12-28T09:58:47+08:00 ] ::1 /ThinkAdmin/__STATIC__/css/sb-admin.css
ERR: 无法加载控制器:__STATIC__

[ 2015-12-28T09:58:47+08:00 ] ::1 /ThinkAdmin/__STATIC__/font-awesome/css/font-awesome.min.css
ERR: 无法加载控制器:__STATIC__

[ 2015-12-28T09:58:55+08:00 ] ::1 /ThinkAdmin/__STATIC__/css/bootstrap.css
ERR: 无法加载控制器:__STATIC__

[ 2015-12-28T09:58:55+08:00 ] ::1 /ThinkAdmin/__STATIC__/font-awesome/css/font-awesome.min.css
ERR: 无法加载控制器:__STATIC__

[ 2015-12-28T09:58:55+08:00 ] ::1 /ThinkAdmin/__STATIC__/css/sb-admin.css
ERR: 无法加载控制器:__STATIC__

[ 2015-12-28T10:02:58+08:00 ] ::1 /ThinkAdmin/__STATIC__/css/bootstrap.css
ERR: 无法加载控制器:__STATIC__

[ 2015-12-28T10:02:58+08:00 ] ::1 /ThinkAdmin/__STATIC__/font-awesome/css/font-awesome.min.css
ERR: 无法加载控制器:__STATIC__

[ 2015-12-28T10:02:58+08:00 ] ::1 /ThinkAdmin/__STATIC__/css/sb-admin.css
ERR: 无法加载控制器:__STATIC__

[ 2015-12-28T10:08:46+08:00 ] ::1 /ThinkAdmin/__STATIC__/css/bootstrap.css
ERR: 无法加载控制器:__STATIC__

[ 2015-12-28T10:08:46+08:00 ] ::1 /ThinkAdmin/__STATIC__/font-awesome/css/font-awesome.min.css
ERR: 无法加载控制器:__STATIC__

[ 2015-12-28T10:08:46+08:00 ] ::1 /ThinkAdmin/__STATIC__/css/sb-admin.css
ERR: 无法加载控制器:__STATIC__

[ 2015-12-28T10:09:19+08:00 ] ::1 /ThinkAdmin/__STATIC__/css/bootstrap.css
ERR: 无法加载控制器:__STATIC__

[ 2015-12-28T10:09:19+08:00 ] ::1 /ThinkAdmin/__STATIC__/font-awesome/css/font-awesome.min.css
ERR: 无法加载控制器:__STATIC__

[ 2015-12-28T10:09:19+08:00 ] ::1 /ThinkAdmin/__STATIC__/css/sb-admin.css
ERR: 无法加载控制器:__STATIC__

[ 2015-12-28T10:11:10+08:00 ] ::1 /ThinkAdmin/static/css/bootstrap.css
ERR: 无法加载控制器:Static

[ 2015-12-28T10:11:10+08:00 ] ::1 /ThinkAdmin/static/css/sb-admin.css
ERR: 无法加载控制器:Static

[ 2015-12-28T10:11:10+08:00 ] ::1 /ThinkAdmin/static/font-awesome/css/font-awesome.min.css
ERR: 无法加载控制器:Static

[ 2015-12-28T10:13:21+08:00 ] ::1 /ThinkAdmin/static/css/bootstrap.css
ERR: 无法加载控制器:Static

[ 2015-12-28T10:13:21+08:00 ] ::1 /ThinkAdmin/static/font-awesome/css/font-awesome.min.css
ERR: 无法加载控制器:Static

[ 2015-12-28T10:13:21+08:00 ] ::1 /ThinkAdmin/static/css/sb-admin.css
ERR: 无法加载控制器:Static

[ 2015-12-28T10:14:56+08:00 ] ::1 /ThinkAdmin/static/css/bootstrap.css
ERR: 无法加载控制器:Static

[ 2015-12-28T10:14:56+08:00 ] ::1 /ThinkAdmin/static/css/sb-admin.css
ERR: 无法加载控制器:Static

[ 2015-12-28T10:14:56+08:00 ] ::1 /ThinkAdmin/static/font-awesome/css/font-awesome.min.css
ERR: 无法加载控制器:Static

[ 2015-12-28T10:15:13+08:00 ] ::1 /ThinkAdmin/static/css/bootstrap.css
ERR: 无法加载控制器:Static

[ 2015-12-28T10:15:13+08:00 ] ::1 /ThinkAdmin/static/font-awesome/css/font-awesome.min.css
ERR: 无法加载控制器:Static

[ 2015-12-28T10:15:13+08:00 ] ::1 /ThinkAdmin/static/css/sb-admin.css
ERR: 无法加载控制器:Static

[ 2015-12-28T10:15:16+08:00 ] ::1 /ThinkAdmin/static/css/bootstrap.css
ERR: 无法加载控制器:Static

[ 2015-12-28T10:15:16+08:00 ] ::1 /ThinkAdmin/static/css/sb-admin.css
ERR: 无法加载控制器:Static

[ 2015-12-28T10:15:16+08:00 ] ::1 /ThinkAdmin/static/font-awesome/css/font-awesome.min.css
ERR: 无法加载控制器:Static

[ 2015-12-28T10:17:28+08:00 ] ::1 /ThinkAdmin/static/css/bootstrap.css
ERR: 无法加载控制器:Static

[ 2015-12-28T10:17:28+08:00 ] ::1 /ThinkAdmin/static/css/sb-admin.css
ERR: 无法加载控制器:Static

[ 2015-12-28T10:17:28+08:00 ] ::1 /ThinkAdmin/static/font-awesome/css/font-awesome.min.css
ERR: 无法加载控制器:Static

[ 2015-12-28T10:17:44+08:00 ] ::1 /ThinkAdmin/static/css/bootstrap.css
ERR: 无法加载控制器:Static

[ 2015-12-28T10:17:44+08:00 ] ::1 /ThinkAdmin/static/font-awesome/css/font-awesome.min.css
ERR: 无法加载控制器:Static

[ 2015-12-28T10:17:44+08:00 ] ::1 /ThinkAdmin/static/css/sb-admin.css
ERR: 无法加载控制器:Static

[ 2015-12-28T10:18:41+08:00 ] ::1 /ThinkAdmin/static/css/bootstrap.css
ERR: 无法加载控制器:Static

[ 2015-12-28T10:18:41+08:00 ] ::1 /ThinkAdmin/static/css/sb-admin.css
ERR: 无法加载控制器:Static

[ 2015-12-28T10:18:41+08:00 ] ::1 /ThinkAdmin/static/font-awesome/css/font-awesome.min.css
ERR: 无法加载控制器:Static

[ 2015-12-28T10:21:05+08:00 ] ::1 /ThinkAdmin/static/css/bootstrap.css
ERR: 无法加载控制器:Static

[ 2015-12-28T10:21:05+08:00 ] ::1 /ThinkAdmin/static/css/sb-admin.css
ERR: 无法加载控制器:Static

[ 2015-12-28T10:21:05+08:00 ] ::1 /ThinkAdmin/static/font-awesome/css/font-awesome.min.css
ERR: 无法加载控制器:Static

[ 2015-12-28T10:21:44+08:00 ] ::1 /ThinkAdmin/static/css/bootstrap.css
ERR: 无法加载控制器:Static

[ 2015-12-28T10:21:44+08:00 ] ::1 /ThinkAdmin/static/font-awesome/css/font-awesome.min.css
ERR: 无法加载控制器:Static

[ 2015-12-28T10:21:44+08:00 ] ::1 /ThinkAdmin/static/css/sb-admin.css
ERR: 无法加载控制器:Static

[ 2015-12-28T10:24:12+08:00 ] ::1 /ThinkAdmin/static/css/sb-admin.css
ERR: 无法加载控制器:Static

[ 2015-12-28T10:24:12+08:00 ] ::1 /ThinkAdmin/static/css/bootstrap.css
ERR: 无法加载控制器:Static

[ 2015-12-28T10:24:12+08:00 ] ::1 /ThinkAdmin/static/font-awesome/css/font-awesome.min.css
ERR: 无法加载控制器:Static

[ 2015-12-28T10:24:29+08:00 ] ::1 /ThinkAdmin/static/css/bootstrap.css
ERR: 无法加载控制器:Static

[ 2015-12-28T10:24:29+08:00 ] ::1 /ThinkAdmin/static/css/sb-admin.css
ERR: 无法加载控制器:Static

[ 2015-12-28T10:24:29+08:00 ] ::1 /ThinkAdmin/static/font-awesome/css/font-awesome.min.css
ERR: 无法加载控制器:Static

[ 2015-12-28T10:27:19+08:00 ] ::1 /ThinkAdmin/static/css/bootstrap.css
ERR: 无法加载控制器:Static

[ 2015-12-28T10:27:19+08:00 ] ::1 /ThinkAdmin/static/css/sb-admin.css
ERR: 无法加载控制器:Static

[ 2015-12-28T10:27:19+08:00 ] ::1 /ThinkAdmin/static/font-awesome/css/font-awesome.min.css
ERR: 无法加载控制器:Static

[ 2015-12-28T10:27:20+08:00 ] ::1 /ThinkAdmin/static/css/bootstrap.css
ERR: 无法加载控制器:Static

[ 2015-12-28T10:27:20+08:00 ] ::1 /ThinkAdmin/static/css/sb-admin.css
ERR: 无法加载控制器:Static

[ 2015-12-28T10:27:21+08:00 ] ::1 /ThinkAdmin/static/font-awesome/css/font-awesome.min.css
ERR: 无法加载控制器:Static

[ 2015-12-28T10:27:25+08:00 ] ::1 /ThinkAdmin/static/css/bootstrap.css
ERR: 无法加载控制器:Static

[ 2015-12-28T10:27:25+08:00 ] ::1 /ThinkAdmin/static/font-awesome/css/font-awesome.min.css
ERR: 无法加载控制器:Static

[ 2015-12-28T10:27:25+08:00 ] ::1 /ThinkAdmin/static/css/sb-admin.css
ERR: 无法加载控制器:Static

[ 2015-12-28T10:31:42+08:00 ] ::1 /ThinkAdmin/static/css/bootstrap.css
ERR: 无法加载控制器:Static

[ 2015-12-28T10:31:42+08:00 ] ::1 /ThinkAdmin/static/css/sb-admin.css
ERR: 无法加载控制器:Static

[ 2015-12-28T10:31:42+08:00 ] ::1 /ThinkAdmin/static/font-awesome/css/font-awesome.min.css
ERR: 无法加载控制器:Static

[ 2015-12-28T10:31:45+08:00 ] ::1 /ThinkAdmin/static/css/sb-admin.css
ERR: 无法加载控制器:Static

[ 2015-12-28T10:31:45+08:00 ] ::1 /ThinkAdmin/static/css/bootstrap.css
ERR: 无法加载控制器:Static

[ 2015-12-28T10:31:45+08:00 ] ::1 /ThinkAdmin/static/font-awesome/css/font-awesome.min.css
ERR: 无法加载控制器:Static

[ 2015-12-28T10:31:50+08:00 ] ::1 /ThinkAdmin/static/css/sb-admin.css
ERR: 无法加载控制器:Static

[ 2015-12-28T10:31:50+08:00 ] ::1 /ThinkAdmin/static/font-awesome/css/font-awesome.min.css
ERR: 无法加载控制器:Static

[ 2015-12-28T10:31:50+08:00 ] ::1 /ThinkAdmin/static/css/bootstrap.css
ERR: 无法加载控制器:Static

[ 2015-12-28T10:36:00+08:00 ] ::1 /ThinkAdmin/static/css/bootstrap.css
ERR: 无法加载控制器:Static

[ 2015-12-28T10:36:00+08:00 ] ::1 /ThinkAdmin/static/font-awesome/css/font-awesome.min.css
ERR: 无法加载控制器:Static

[ 2015-12-28T10:36:00+08:00 ] ::1 /ThinkAdmin/static/css/sb-admin.css
ERR: 无法加载控制器:Static

[ 2015-12-28T10:36:49+08:00 ] ::1 /ThinkAdmin/static/css/bootstrap.css
ERR: 无法加载控制器:Static

[ 2015-12-28T10:36:49+08:00 ] ::1 /ThinkAdmin/static/font-awesome/css/font-awesome.min.css
ERR: 无法加载控制器:Static

[ 2015-12-28T10:36:49+08:00 ] ::1 /ThinkAdmin/static/css/sb-admin.css
ERR: 无法加载控制器:Static

[ 2015-12-28T10:37:24+08:00 ] ::1 /ThinkAdmin/static/css/bootstrap.css
ERR: 无法加载控制器:Static

[ 2015-12-28T10:37:24+08:00 ] ::1 /ThinkAdmin/static/css/sb-admin.css
ERR: 无法加载控制器:Static

[ 2015-12-28T10:37:24+08:00 ] ::1 /ThinkAdmin/static/font-awesome/css/font-awesome.min.css
ERR: 无法加载控制器:Static

[ 2015-12-28T10:41:38+08:00 ] ::1 /ThinkAdmin/static/css/bootstrap.css
ERR: 无法加载控制器:Static

[ 2015-12-28T10:41:38+08:00 ] ::1 /ThinkAdmin/static/css/sb-admin.css
ERR: 无法加载控制器:Static

[ 2015-12-28T10:41:38+08:00 ] ::1 /ThinkAdmin/static/font-awesome/css/font-awesome.min.css
ERR: 无法加载控制器:Static

[ 2015-12-28T10:42:14+08:00 ] ::1 /ThinkAdmin/static/css/bootstrap.css
ERR: 无法加载控制器:Static

[ 2015-12-28T10:42:14+08:00 ] ::1 /ThinkAdmin/static/css/sb-admin.css
ERR: 无法加载控制器:Static

[ 2015-12-28T10:42:14+08:00 ] ::1 /ThinkAdmin/static/font-awesome/css/font-awesome.min.css
ERR: 无法加载控制器:Static

[ 2015-12-28T10:47:21+08:00 ] ::1 /ThinkAdmin/static/css/bootstrap.css
ERR: 无法加载控制器:Static

[ 2015-12-28T10:47:21+08:00 ] ::1 /ThinkAdmin/static/font-awesome/css/font-awesome.min.css
ERR: 无法加载控制器:Static

[ 2015-12-28T10:47:21+08:00 ] ::1 /ThinkAdmin/static/css/sb-admin.css
ERR: 无法加载控制器:Static

[ 2015-12-28T10:47:35+08:00 ] ::1 /ThinkAdmin/static/css/bootstrap.css
ERR: 无法加载控制器:Static

[ 2015-12-28T10:47:35+08:00 ] ::1 /ThinkAdmin/static/font-awesome/css/font-awesome.min.css
ERR: 无法加载控制器:Static

[ 2015-12-28T10:47:35+08:00 ] ::1 /ThinkAdmin/static/css/sb-admin.css
ERR: 无法加载控制器:Static

[ 2015-12-28T10:47:44+08:00 ] ::1 /ThinkAdmin/static/css/bootstrap.css
ERR: 无法加载控制器:Static

[ 2015-12-28T10:47:44+08:00 ] ::1 /ThinkAdmin/static/font-awesome/css/font-awesome.min.css
ERR: 无法加载控制器:Static

[ 2015-12-28T10:47:44+08:00 ] ::1 /ThinkAdmin/static/css/sb-admin.css
ERR: 无法加载控制器:Static

[ 2015-12-28T10:47:54+08:00 ] ::1 /ThinkAdmin/static/css/bootstrap.css
ERR: 无法加载控制器:Static

[ 2015-12-28T10:47:54+08:00 ] ::1 /ThinkAdmin/static/css/sb-admin.css
ERR: 无法加载控制器:Static

[ 2015-12-28T10:47:54+08:00 ] ::1 /ThinkAdmin/static/font-awesome/css/font-awesome.min.css
ERR: 无法加载控制器:Static

[ 2015-12-28T10:48:01+08:00 ] ::1 /ThinkAdmin/static/css/bootstrap.css
ERR: 无法加载控制器:Static

[ 2015-12-28T10:48:01+08:00 ] ::1 /ThinkAdmin/static/font-awesome/css/font-awesome.min.css
ERR: 无法加载控制器:Static

[ 2015-12-28T10:48:01+08:00 ] ::1 /ThinkAdmin/static/css/sb-admin.css
ERR: 无法加载控制器:Static

[ 2015-12-28T10:48:09+08:00 ] ::1 /ThinkAdmin/static/css/bootstrap.css
ERR: 无法加载控制器:Static

[ 2015-12-28T10:48:09+08:00 ] ::1 /ThinkAdmin/static/font-awesome/css/font-awesome.min.css
ERR: 无法加载控制器:Static

[ 2015-12-28T10:48:09+08:00 ] ::1 /ThinkAdmin/static/css/sb-admin.css
ERR: 无法加载控制器:Static

[ 2015-12-28T10:48:40+08:00 ] ::1 /ThinkAdmin/static/css/bootstrap.css
ERR: 无法加载控制器:Static

[ 2015-12-28T10:48:40+08:00 ] ::1 /ThinkAdmin/static/css/sb-admin.css
ERR: 无法加载控制器:Static

[ 2015-12-28T10:48:40+08:00 ] ::1 /ThinkAdmin/static/font-awesome/css/font-awesome.min.css
ERR: 无法加载控制器:Static

[ 2015-12-28T10:48:47+08:00 ] ::1 /ThinkAdmin/static/css/bootstrap.css
ERR: 无法加载控制器:Static

[ 2015-12-28T10:48:47+08:00 ] ::1 /ThinkAdmin/static/font-awesome/css/font-awesome.min.css
ERR: 无法加载控制器:Static

[ 2015-12-28T10:48:47+08:00 ] ::1 /ThinkAdmin/static/css/sb-admin.css
ERR: 无法加载控制器:Static

[ 2015-12-28T10:51:19+08:00 ] ::1 /ThinkAdmin/static/css/bootstrap.css
ERR: 无法加载控制器:Static

[ 2015-12-28T10:51:19+08:00 ] ::1 /ThinkAdmin/static/font-awesome/css/font-awesome.min.css
ERR: 无法加载控制器:Static

[ 2015-12-28T10:51:19+08:00 ] ::1 /ThinkAdmin/static/css/sb-admin.css
ERR: 无法加载控制器:Static

[ 2015-12-28T10:52:40+08:00 ] ::1 /ThinkAdmin/static/css/bootstrap.css
ERR: 无法加载控制器:Static

[ 2015-12-28T10:52:40+08:00 ] ::1 /ThinkAdmin/static/css/sb-admin.css
ERR: 无法加载控制器:Static

[ 2015-12-28T10:52:40+08:00 ] ::1 /ThinkAdmin/static/font-awesome/css/font-awesome.min.css
ERR: 无法加载控制器:Static

[ 2015-12-28T10:52:58+08:00 ] ::1 /ThinkAdmin/static/css/bootstrap.css
ERR: 无法加载控制器:Static

[ 2015-12-28T10:52:58+08:00 ] ::1 /ThinkAdmin/static/css/sb-admin.css
ERR: 无法加载控制器:Static

[ 2015-12-28T10:52:58+08:00 ] ::1 /ThinkAdmin/static/font-awesome/css/font-awesome.min.css
ERR: 无法加载控制器:Static

[ 2015-12-28T10:53:05+08:00 ] ::1 /ThinkAdmin/static/css/bootstrap.css
ERR: 无法加载控制器:Static

[ 2015-12-28T10:53:05+08:00 ] ::1 /ThinkAdmin/static/css/sb-admin.css
ERR: 无法加载控制器:Static

[ 2015-12-28T10:53:05+08:00 ] ::1 /ThinkAdmin/static/font-awesome/css/font-awesome.min.css
ERR: 无法加载控制器:Static

[ 2015-12-28T10:53:37+08:00 ] ::1 /ThinkAdmin/static/css/bootstrap.css
ERR: 无法加载控制器:Static

[ 2015-12-28T10:53:37+08:00 ] ::1 /ThinkAdmin/static/css/sb-admin.css
ERR: 无法加载控制器:Static

[ 2015-12-28T10:53:37+08:00 ] ::1 /ThinkAdmin/static/font-awesome/css/font-awesome.min.css
ERR: 无法加载控制器:Static

[ 2015-12-28T10:53:47+08:00 ] ::1 /ThinkAdmin/static/css/bootstrap.css
ERR: 无法加载控制器:Static

[ 2015-12-28T10:53:47+08:00 ] ::1 /ThinkAdmin/static/css/sb-admin.css
ERR: 无法加载控制器:Static

[ 2015-12-28T10:53:47+08:00 ] ::1 /ThinkAdmin/static/font-awesome/css/font-awesome.min.css
ERR: 无法加载控制器:Static

[ 2015-12-28T10:53:56+08:00 ] ::1 /ThinkAdmin/static/css/bootstrap.css
ERR: 无法加载控制器:Static

[ 2015-12-28T10:53:56+08:00 ] ::1 /ThinkAdmin/static/css/sb-admin.css
ERR: 无法加载控制器:Static

[ 2015-12-28T10:53:56+08:00 ] ::1 /ThinkAdmin/static/font-awesome/css/font-awesome.min.css
ERR: 无法加载控制器:Static

[ 2015-12-28T10:54:49+08:00 ] ::1 /ThinkAdmin/static/css/bootstrap.css
ERR: 无法加载控制器:Static

[ 2015-12-28T10:54:49+08:00 ] ::1 /ThinkAdmin/static/css/sb-admin.css
ERR: 无法加载控制器:Static

[ 2015-12-28T10:54:49+08:00 ] ::1 /ThinkAdmin/static/font-awesome/css/font-awesome.min.css
ERR: 无法加载控制器:Static

[ 2015-12-28T10:56:49+08:00 ] ::1 /ThinkAdmin/static/css/bootstrap.css
ERR: 无法加载控制器:Static

[ 2015-12-28T10:56:49+08:00 ] ::1 /ThinkAdmin/static/font-awesome/css/font-awesome.min.css
ERR: 无法加载控制器:Static

[ 2015-12-28T10:56:49+08:00 ] ::1 /ThinkAdmin/static/css/sb-admin.css
ERR: 无法加载控制器:Static

[ 2015-12-28T10:58:42+08:00 ] ::1 /ThinkAdmin/static/css/bootstrap.css
ERR: 无法加载控制器:Static

[ 2015-12-28T10:58:42+08:00 ] ::1 /ThinkAdmin/static/font-awesome/css/font-awesome.min.css
ERR: 无法加载控制器:Static

[ 2015-12-28T10:58:42+08:00 ] ::1 /ThinkAdmin/static/css/sb-admin.css
ERR: 无法加载控制器:Static

[ 2015-12-28T10:58:44+08:00 ] ::1 /ThinkAdmin/static/css/bootstrap.css
ERR: 无法加载控制器:Static

[ 2015-12-28T10:58:44+08:00 ] ::1 /ThinkAdmin/static/css/sb-admin.css
ERR: 无法加载控制器:Static

[ 2015-12-28T10:58:44+08:00 ] ::1 /ThinkAdmin/static/font-awesome/css/font-awesome.min.css
ERR: 无法加载控制器:Static

[ 2015-12-28T10:58:48+08:00 ] ::1 /ThinkAdmin/static/css/sb-admin.css
ERR: 无法加载控制器:Static

[ 2015-12-28T10:58:48+08:00 ] ::1 /ThinkAdmin/static/css/bootstrap.css
ERR: 无法加载控制器:Static

[ 2015-12-28T10:58:48+08:00 ] ::1 /ThinkAdmin/static/font-awesome/css/font-awesome.min.css
ERR: 无法加载控制器:Static

[ 2015-12-28T10:58:49+08:00 ] ::1 /ThinkAdmin/static/css/sb-admin.css
ERR: 无法加载控制器:Static

[ 2015-12-28T10:58:49+08:00 ] ::1 /ThinkAdmin/static/css/bootstrap.css
ERR: 无法加载控制器:Static

[ 2015-12-28T10:58:49+08:00 ] ::1 /ThinkAdmin/static/font-awesome/css/font-awesome.min.css
ERR: 无法加载控制器:Static

[ 2015-12-28T11:01:34+08:00 ] ::1 /ThinkAdmin/static/css/bootstrap.css
ERR: 无法加载控制器:Static

[ 2015-12-28T11:01:34+08:00 ] ::1 /ThinkAdmin/static/css/sb-admin.css
ERR: 无法加载控制器:Static

[ 2015-12-28T11:01:34+08:00 ] ::1 /ThinkAdmin/static/font-awesome/css/font-awesome.min.css
ERR: 无法加载控制器:Static

[ 2015-12-28T11:01:44+08:00 ] ::1 /ThinkAdmin/static/css/bootstrap.css
ERR: 无法加载控制器:Static

[ 2015-12-28T11:01:44+08:00 ] ::1 /ThinkAdmin/static/css/sb-admin.css
ERR: 无法加载控制器:Static

[ 2015-12-28T11:01:44+08:00 ] ::1 /ThinkAdmin/static/font-awesome/css/font-awesome.min.css
ERR: 无法加载控制器:Static

[ 2015-12-28T11:04:22+08:00 ] ::1 /ThinkAdmin/static/css/bootstrap.css
ERR: 无法加载控制器:Static

[ 2015-12-28T11:04:22+08:00 ] ::1 /ThinkAdmin/static/css/sb-admin.css
ERR: 无法加载控制器:Static

[ 2015-12-28T11:04:22+08:00 ] ::1 /ThinkAdmin/static/font-awesome/css/font-awesome.min.css
ERR: 无法加载控制器:Static

[ 2015-12-28T11:04:53+08:00 ] ::1 /ThinkAdmin/static/css/bootstrap.css
ERR: 无法加载控制器:Static

[ 2015-12-28T11:04:53+08:00 ] ::1 /ThinkAdmin/static/css/sb-admin.css
ERR: 无法加载控制器:Static

[ 2015-12-28T11:04:53+08:00 ] ::1 /ThinkAdmin/static/font-awesome/css/font-awesome.min.css
ERR: 无法加载控制器:Static

[ 2015-12-28T11:05:11+08:00 ] ::1 /ThinkAdmin/static/css/bootstrap.css
ERR: 无法加载控制器:Static

[ 2015-12-28T11:05:11+08:00 ] ::1 /ThinkAdmin/static/css/sb-admin.css
ERR: 无法加载控制器:Static

[ 2015-12-28T11:05:11+08:00 ] ::1 /ThinkAdmin/static/font-awesome/css/font-awesome.min.css
ERR: 无法加载控制器:Static

[ 2015-12-28T11:05:16+08:00 ] ::1 /ThinkAdmin/static/css/bootstrap.css
ERR: 无法加载控制器:Static

[ 2015-12-28T11:05:16+08:00 ] ::1 /ThinkAdmin/static/css/sb-admin.css
ERR: 无法加载控制器:Static

[ 2015-12-28T11:05:16+08:00 ] ::1 /ThinkAdmin/static/font-awesome/css/font-awesome.min.css
ERR: 无法加载控制器:Static

[ 2015-12-28T11:05:29+08:00 ] ::1 /ThinkAdmin/static/css/bootstrap.css
ERR: 无法加载控制器:Static

[ 2015-12-28T11:05:29+08:00 ] ::1 /ThinkAdmin/static/font-awesome/css/font-awesome.min.css
ERR: 无法加载控制器:Static

[ 2015-12-28T11:05:29+08:00 ] ::1 /ThinkAdmin/static/css/sb-admin.css
ERR: 无法加载控制器:Static

[ 2015-12-28T11:06:19+08:00 ] ::1 /ThinkAdmin/static/css/bootstrap.css
ERR: 无法加载控制器:Static

[ 2015-12-28T11:06:19+08:00 ] ::1 /ThinkAdmin/static/font-awesome/css/font-awesome.min.css
ERR: 无法加载控制器:Static

[ 2015-12-28T11:06:19+08:00 ] ::1 /ThinkAdmin/static/css/sb-admin.css
ERR: 无法加载控制器:Static

[ 2015-12-28T11:06:49+08:00 ] ::1 /ThinkAdmin/static/css/bootstrap.css
ERR: 无法加载控制器:Static

[ 2015-12-28T11:06:49+08:00 ] ::1 /ThinkAdmin/static/css/sb-admin.css
ERR: 无法加载控制器:Static

[ 2015-12-28T11:06:49+08:00 ] ::1 /ThinkAdmin/static/font-awesome/css/font-awesome.min.css
ERR: 无法加载控制器:Static

[ 2015-12-28T11:07:33+08:00 ] ::1 /ThinkAdmin/static/css/bootstrap.css
ERR: 无法加载控制器:Static

[ 2015-12-28T11:07:33+08:00 ] ::1 /ThinkAdmin/static/css/sb-admin.css
ERR: 无法加载控制器:Static

[ 2015-12-28T11:07:33+08:00 ] ::1 /ThinkAdmin/static/font-awesome/css/font-awesome.min.css
ERR: 无法加载控制器:Static

[ 2015-12-28T11:07:46+08:00 ] ::1 /ThinkAdmin/static/css/bootstrap.css
ERR: 无法加载控制器:Static

[ 2015-12-28T11:07:46+08:00 ] ::1 /ThinkAdmin/static/css/sb-admin.css
ERR: 无法加载控制器:Static

[ 2015-12-28T11:07:46+08:00 ] ::1 /ThinkAdmin/static/font-awesome/css/font-awesome.min.css
ERR: 无法加载控制器:Static

[ 2015-12-28T11:09:33+08:00 ] ::1 /ThinkAdmin/static/css/bootstrap.css
ERR: 无法加载控制器:Static

[ 2015-12-28T11:09:33+08:00 ] ::1 /ThinkAdmin/static/css/sb-admin.css
ERR: 无法加载控制器:Static

[ 2015-12-28T11:09:33+08:00 ] ::1 /ThinkAdmin/static/font-awesome/css/font-awesome.min.css
ERR: 无法加载控制器:Static

[ 2015-12-28T11:09:44+08:00 ] ::1 /ThinkAdmin/static/css/bootstrap.css
ERR: 无法加载控制器:Static

[ 2015-12-28T11:09:44+08:00 ] ::1 /ThinkAdmin/static/font-awesome/css/font-awesome.min.css
ERR: 无法加载控制器:Static

[ 2015-12-28T11:09:44+08:00 ] ::1 /ThinkAdmin/static/css/sb-admin.css
ERR: 无法加载控制器:Static

[ 2015-12-28T11:11:32+08:00 ] ::1 /ThinkAdmin/static/css/bootstrap.css
ERR: 无法加载控制器:Static

[ 2015-12-28T11:11:32+08:00 ] ::1 /ThinkAdmin/static/font-awesome/css/font-awesome.min.css
ERR: 无法加载控制器:Static

[ 2015-12-28T11:11:32+08:00 ] ::1 /ThinkAdmin/static/css/sb-admin.css
ERR: 无法加载控制器:Static

[ 2015-12-28T11:25:00+08:00 ] ::1 /ThinkAdmin/static/css/bootstrap.css
ERR: 无法加载控制器:Static

[ 2015-12-28T11:25:00+08:00 ] ::1 /ThinkAdmin/static/css/sb-admin.css
ERR: 无法加载控制器:Static

[ 2015-12-28T11:25:00+08:00 ] ::1 /ThinkAdmin/static/font-awesome/css/font-awesome.min.css
ERR: 无法加载控制器:Static

[ 2015-12-28T11:25:02+08:00 ] ::1 /ThinkAdmin/static/css/bootstrap.css
ERR: 无法加载控制器:Static

[ 2015-12-28T11:25:02+08:00 ] ::1 /ThinkAdmin/static/css/sb-admin.css
ERR: 无法加载控制器:Static

[ 2015-12-28T11:25:02+08:00 ] ::1 /ThinkAdmin/static/font-awesome/css/font-awesome.min.css
ERR: 无法加载控制器:Static

[ 2015-12-28T12:20:34+08:00 ] ::1 /ThinkAdmin/static/css/bootstrap.css
ERR: 无法加载控制器:Static

[ 2015-12-28T12:20:34+08:00 ] ::1 /ThinkAdmin/static/css/sb-admin.css
ERR: 无法加载控制器:Static

[ 2015-12-28T12:20:34+08:00 ] ::1 /ThinkAdmin/static/font-awesome/css/font-awesome.min.css
ERR: 无法加载控制器:Static

[ 2015-12-28T12:23:28+08:00 ] ::1 /ThinkAdmin/static/font-awesome/css/font-awesome.min.css
ERR: 无法加载控制器:Static

[ 2015-12-28T12:23:28+08:00 ] ::1 /ThinkAdmin/static/css/bootstrap.css
ERR: 无法加载控制器:Static

[ 2015-12-28T12:23:28+08:00 ] ::1 /ThinkAdmin/static/css/sb-admin.css
ERR: 无法加载控制器:Static

[ 2015-12-28T12:43:31+08:00 ] ::1 /ThinkAdmin/static/css/bootstrap.css
ERR: 无法加载控制器:Static

[ 2015-12-28T12:43:31+08:00 ] ::1 /ThinkAdmin/static/font-awesome/css/font-awesome.min.css
ERR: 无法加载控制器:Static

[ 2015-12-28T12:43:31+08:00 ] ::1 /ThinkAdmin/static/css/sb-admin.css
ERR: 无法加载控制器:Static

[ 2015-12-28T21:24:21+08:00 ] ::1 /MyNews/index.php
ERR: SQLSTATE[23000]: Integrity constraint violation: 1052 Column 'type' in where clause is ambiguous

[ 2015-12-28T21:25:20+08:00 ] ::1 /MyNews/index.php
ERR: SQLSTATE[23000]: Integrity constraint violation: 1052 Column 'type' in where clause is ambiguous

[ 2015-12-28T21:25:37+08:00 ] ::1 /MyNews/index.php%EF%BC%9Fm=&c=post&a=index
ERR: 无法加载控制器:Index.php？m=&c=post&a=index

[ 2015-12-28T21:26:03+08:00 ] ::1 /MyNews/index.php%EF%BC%9Fm=&c=post&a=index
ERR: 无法加载控制器:Index.php？m=&c=post&a=index

[ 2015-12-28T21:26:16+08:00 ] ::1 /MyNews/index.php%EF%BC%9Fm=&c=post&a=index
ERR: 无法加载控制器:Index.php？m=&c=post&a=index

[ 2015-12-28T21:26:17+08:00 ] ::1 /MyNews/index.php%EF%BC%9Fm=&c=post&a=index
ERR: 无法加载控制器:Index.php？m=&c=post&a=index

[ 2015-12-28T21:26:18+08:00 ] ::1 /MyNews/index.php%EF%BC%9Fm=&c=post&a=index
ERR: 无法加载控制器:Index.php？m=&c=post&a=index

[ 2015-12-28T21:26:18+08:00 ] ::1 /MyNews/index.php%EF%BC%9Fm=&c=post&a=index
ERR: 无法加载控制器:Index.php？m=&c=post&a=index

[ 2015-12-28T21:26:33+08:00 ] ::1 /MyNews/index.php%EF%BC%9Fm=&c=post&a=index
ERR: 无法加载控制器:Index.php？m=&c=post&a=index

[ 2015-12-28T21:26:34+08:00 ] ::1 /MyNews/index.php%EF%BC%9Fm=&c=post&a=index
ERR: 无法加载控制器:Index.php？m=&c=post&a=index

[ 2015-12-28T21:26:40+08:00 ] ::1 /MyNews/index.php%EF%BC%9Fm=&c=post&a=index
ERR: 无法加载控制器:Index.php？m=&c=post&a=index

[ 2015-12-28T21:26:53+08:00 ] ::1 /MyNews/index.php%EF%BC%9Fm=home&c=post&a=index
ERR: 无法加载控制器:Index.php？m=home&c=post&a=index

[ 2015-12-28T21:27:07+08:00 ] ::1 /MyNews/index.php%EF%BC%9F
ERR: 无法加载控制器:Index.php？

[ 2015-12-28T21:27:58+08:00 ] ::1 /MyNews/index.php%EF%BC%9Fm=home&c=post&a=index
ERR: 无法加载控制器:Index.php？m=home&c=post&a=index

[ 2015-12-28T21:28:21+08:00 ] ::1 /MyNews/index.php%EF%BC%9Fm=home&c=&a=index
ERR: 无法加载控制器:Index.php？m=home&c=&a=index

[ 2015-12-28T21:28:42+08:00 ] ::1 /MyNews/index.php%EF%BC%9Fm=home&c=post&a=index
ERR: 无法加载控制器:Index.php？m=home&c=post&a=index

[ 2015-12-28T21:28:47+08:00 ] ::1 /MyNews/index.php%EF%BC%9Fm=home&c=post&a=index
ERR: 无法加载控制器:Index.php？m=home&c=post&a=index

[ 2015-12-28T21:28:47+08:00 ] ::1 /MyNews/index.php%EF%BC%9Fm=home&c=post&a=index
ERR: 无法加载控制器:Index.php？m=home&c=post&a=index

[ 2015-12-28T21:28:48+08:00 ] ::1 /MyNews/index.php%EF%BC%9Fm=home&c=post&a=index
ERR: 无法加载控制器:Index.php？m=home&c=post&a=index

[ 2015-12-28T21:28:49+08:00 ] ::1 /MyNews/index.php%EF%BC%9Fm=home&c=post&a=index
ERR: 无法加载控制器:Index.php？m=home&c=post&a=index

[ 2015-12-28T21:29:22+08:00 ] ::1 /MyNews/index.php%EF%BC%9Fm=home&c=post&a=detail
ERR: 无法加载控制器:Index.php？m=home&c=post&a=detail

[ 2015-12-28T21:31:10+08:00 ] ::1 /MyNews/index.php%EF%BC%9Fm=home&c=post&a=detail
ERR: 无法加载控制器:Index.php？m=home&c=post&a=detail

[ 2015-12-28T21:31:11+08:00 ] ::1 /MyNews/index.php%EF%BC%9Fm=home&c=post&a=detail
ERR: 无法加载控制器:Index.php？m=home&c=post&a=detail

[ 2015-12-28T21:31:12+08:00 ] ::1 /MyNews/index.php%EF%BC%9Fm=home&c=post&a=detail
ERR: 无法加载控制器:Index.php？m=home&c=post&a=detail

[ 2015-12-28T21:31:12+08:00 ] ::1 /MyNews/index.php%EF%BC%9Fm=home&c=post&a=detail
ERR: 无法加载控制器:Index.php？m=home&c=post&a=detail

[ 2015-12-28T21:31:25+08:00 ] ::1 /MyNews/index.php%EF%BC%9Fm=Home&c=post&a=detail
ERR: 无法加载控制器:Index.php？m=Home&c=post&a=detail

[ 2015-12-28T21:31:41+08:00 ] ::1 /MyNews/index.php%EF%BC%9Fm=Home&c=post&a=index
ERR: 无法加载控制器:Index.php？m=Home&c=post&a=index

[ 2015-12-28T21:32:48+08:00 ] ::1 /MyNews/index.php?m&c=post&a=index
ERR: SQLSTATE[23000]: Integrity constraint violation: 1052 Column 'type' in where clause is ambiguous

[ 2015-12-28T21:34:31+08:00 ] ::1 /MyNews/index.php?m&c=post&a=index
ERR: SQLSTATE[23000]: Integrity constraint violation: 1052 Column 'type' in where clause is ambiguous

[ 2015-12-28T21:44:46+08:00 ] ::1 /MyNews/index.php?m&c=post&a=index
ERR: SQLSTATE[23000]: Integrity constraint violation: 1052 Column 'type' in where clause is ambiguous

[ 2015-12-28T21:46:14+08:00 ] ::1 /MyNews/index.php?m&c=post&a=index
ERR: SQLSTATE[23000]: Integrity constraint violation: 1052 Column 'type' in where clause is ambiguous

[ 2015-12-28T21:46:15+08:00 ] ::1 /MyNews/index.php?m&c=post&a=index
ERR: SQLSTATE[23000]: Integrity constraint violation: 1052 Column 'type' in where clause is ambiguous

[ 2015-12-28T21:46:16+08:00 ] ::1 /MyNews/index.php?m&c=post&a=index
ERR: SQLSTATE[23000]: Integrity constraint violation: 1052 Column 'type' in where clause is ambiguous

[ 2015-12-28T21:46:17+08:00 ] ::1 /MyNews/index.php?m&c=post&a=index
ERR: SQLSTATE[23000]: Integrity constraint violation: 1052 Column 'type' in where clause is ambiguous

[ 2015-12-28T21:46:32+08:00 ] ::1 /MyNews/index.php?m&c=post&a=index
ERR: SQLSTATE[23000]: Integrity constraint violation: 1052 Column 'type' in where clause is ambiguous

[ 2015-12-28T21:46:33+08:00 ] ::1 /MyNews/index.php?m&c=post&a=index
ERR: SQLSTATE[23000]: Integrity constraint violation: 1052 Column 'type' in where clause is ambiguous

[ 2015-12-28T21:47:58+08:00 ] ::1 /MyNews/index.php?m&c=post&a=index
ERR: SQLSTATE[23000]: Integrity constraint violation: 1052 Column 'id' in where clause is ambiguous

[ 2015-12-28T21:47:59+08:00 ] ::1 /MyNews/index.php?m&c=post&a=index
ERR: SQLSTATE[23000]: Integrity constraint violation: 1052 Column 'id' in where clause is ambiguous

[ 2015-12-28T21:48:00+08:00 ] ::1 /MyNews/index.php?m&c=post&a=index
ERR: SQLSTATE[23000]: Integrity constraint violation: 1052 Column 'id' in where clause is ambiguous

[ 2015-12-28T21:48:00+08:00 ] ::1 /MyNews/index.php?m&c=post&a=index
ERR: SQLSTATE[23000]: Integrity constraint violation: 1052 Column 'id' in where clause is ambiguous

[ 2015-12-28T21:48:01+08:00 ] ::1 /MyNews/index.php?m&c=post&a=index
ERR: SQLSTATE[23000]: Integrity constraint violation: 1052 Column 'id' in where clause is ambiguous

[ 2015-12-28T21:48:01+08:00 ] ::1 /MyNews/index.php?m&c=post&a=index
ERR: SQLSTATE[23000]: Integrity constraint violation: 1052 Column 'id' in where clause is ambiguous

[ 2015-12-28T21:48:02+08:00 ] ::1 /MyNews/index.php?m&c=post&a=index
ERR: SQLSTATE[23000]: Integrity constraint violation: 1052 Column 'id' in where clause is ambiguous

[ 2015-12-28T22:42:59+08:00 ] ::1 /MyNews/index.php?m=&c=post&a=detail&id=10
ERR: SQLSTATE[42S22]: Column not found: 1054 Unknown column '$id' in 'where clause'

[ 2015-12-28T22:49:20+08:00 ] ::1 /MyNews/index.php?m=&c=post&a=detail&id=15
ERR: SQLSTATE[42S02]: Base table or view not found: 1146 Table 'tpadmin.post_view' doesn't exist

[ 2015-12-28T22:49:43+08:00 ] ::1 /MyNews/index.php?m=&c=post&a=detail&id=6
ERR: SQLSTATE[23000]: Integrity constraint violation: 1052 Column 'id' in where clause is ambiguous

