[ 2016-01-04T14:05:23+08:00 ] ::1 /MyNews/localhost/MyNews/admin.php
ERR: 无法加载控制器:Localhost

[ 2016-01-04T14:05:39+08:00 ] ::1 /MyNews/localhost/MyNews/admin.php
ERR: 无法加载控制器:Localhost

[ 2016-01-04T14:15:06+08:00 ] ::1 /mynews/index.php?m=&c=post&a=detail&id=X
ERR: SQLSTATE[42S22]: Column not found: 1054 Unknown column 'X' in 'where clause'

[ 2016-01-04T14:17:00+08:00 ] ::1 /mynews/index.php?m=&c=post&a=detail&id=N
ERR: SQLSTATE[42S22]: Column not found: 1054 Unknown column 'N' in 'where clause'

[ 2016-01-04T14:22:42+08:00 ] ::1 /mynews/index.php?m=&c=post&a=detail&id=N
ERR: SQLSTATE[42S22]: Column not found: 1054 Unknown column 'N' in 'where clause'

[ 2016-01-04T14:43:18+08:00 ] ::1 /mynews/index.php?m=&c=post&a=detail&id=X
ERR: SQLSTATE[42S22]: Column not found: 1054 Unknown column 'X' in 'where clause'

[ 2016-01-04T14:45:00+08:00 ] ::1 /mynews/index.php?m=&c=post&a=detail&id=X
ERR: SQLSTATE[42S22]: Column not found: 1054 Unknown column 'X' in 'where clause'

[ 2016-01-04T14:46:32+08:00 ] ::1 /mynews/index.php?m=&c=post&a=detail&id=X
ERR: SQLSTATE[42S22]: Column not found: 1054 Unknown column 'X' in 'where clause'

[ 2016-01-04T14:46:43+08:00 ] ::1 /mynews/index.php?m=&c=post&a=detail&id=X
ERR: SQLSTATE[42S22]: Column not found: 1054 Unknown column 'X' in 'where clause'

[ 2016-01-04T14:46:55+08:00 ] ::1 /mynews/index.php?m=&c=post&a=detail&id=X
ERR: SQLSTATE[42S22]: Column not found: 1054 Unknown column 'X' in 'where clause'

[ 2016-01-04T14:49:24+08:00 ] ::1 /mynews/index.php?m=&c=post&a=detail&id=X
ERR: SQLSTATE[42S22]: Column not found: 1054 Unknown column 'X' in 'where clause'

[ 2016-01-04T14:51:17+08:00 ] ::1 /mynews/index.php?m=&c=post&a=detail&id=X
ERR: SQLSTATE[42S22]: Column not found: 1054 Unknown column 'X' in 'where clause'

[ 2016-01-04T14:51:46+08:00 ] ::1 /mynews/index.php?m=&c=post&a=detail&id=
ERR: SQLSTATE[42000]: Syntax error or access violation: 1064 You have an error in your SQL syntax; check the manual that corresponds to your MariaDB server version for the right syntax to use near ')' at line 1

